<?xml version="1.0" encoding="UTF-8"?>
<robot generator="Robot 4.1.3 (Python 3.9.7 on win32)" generated="20220207 23:23:03.471" rpa="false" schemaversion="2">
<suite id="s1" name="Sessions" source="C:\GravidadeZERO\getgeeks\project\backend\users\tests\Sessions.robot">
<test id="s1-t1" name="User session">
<kw name="Factory User Session" library="Users">
<var>${payload}</var>
<arg>signup</arg>
<msg timestamp="20220207 23:23:03.621" level="INFO">${payload} = {'name': 'Kate Bishop', 'email': 'kate@hotmail.com', 'password': 'pwd123'}</msg>
<status status="PASS" starttime="20220207 23:23:03.621" endtime="20220207 23:23:03.621"/>
</kw>
<kw name="POST User" library="UsersRoute">
<arg>${payload}</arg>
<kw name="POST" library="RequestsLibrary">
<var>${response}</var>
<arg>${API_USERS}/users</arg>
<arg>json=${payload}</arg>
<arg>expected_status=any</arg>
<doc>Sends a POST request.</doc>
<msg timestamp="20220207 23:23:04.503" level="INFO">POST Request : url=https://getgeeks-users-karla.herokuapp.com/users 
 path_url=/users 
 headers={'User-Agent': 'python-requests/2.27.1', 'Accept-Encoding': 'gzip, deflate', 'Accept': '*/*', 'Connection': 'keep-alive', 'Content-Length': '74', 'Content-Type': 'application/json'} 
 body=b'{"name": "Kate Bishop", "email": "kate@hotmail.com", "password": "pwd123"}' 
 </msg>
<msg timestamp="20220207 23:23:04.503" level="INFO">POST Response : url=https://getgeeks-users-karla.herokuapp.com/users 
 status=400, reason=Bad Request 
 headers={'Server': 'Cowboy', 'Connection': 'keep-alive', 'X-Powered-By': 'Express', 'Access-Control-Allow-Origin': '*', 'Content-Type': 'application/json; charset=utf-8', 'Content-Length': '31', 'Etag': 'W/"1f-lFUySNKwX3L5eGEwGcNcUoVKWhE"', 'Date': 'Tue, 08 Feb 2022 02:23:04 GMT', 'Via': '1.1 vegur'} 
 body={"error":"User already exists"} 
 </msg>
<msg timestamp="20220207 23:23:04.505" level="INFO">${response} = &lt;Response [400]&gt;</msg>
<status status="PASS" starttime="20220207 23:23:03.621" endtime="20220207 23:23:04.505"/>
</kw>
<status status="PASS" starttime="20220207 23:23:03.621" endtime="20220207 23:23:04.505"/>
</kw>
<kw name="Factory User Session" library="Users">
<var>${payload}</var>
<arg>login</arg>
<msg timestamp="20220207 23:23:04.505" level="INFO">${payload} = {'email': 'kate@hotmail.com', 'password': 'pwd123'}</msg>
<status status="PASS" starttime="20220207 23:23:04.505" endtime="20220207 23:23:04.505"/>
</kw>
<kw name="POST Session" library="SessionsRoute">
<var>${response}</var>
<arg>${payload}</arg>
<kw name="POST" library="RequestsLibrary">
<var>${response}</var>
<arg>${API_USERS}/sessions</arg>
<arg>json=${payload}</arg>
<arg>expected_status=any</arg>
<doc>Sends a POST request.</doc>
<msg timestamp="20220207 23:23:05.415" level="INFO">POST Request : url=https://getgeeks-users-karla.herokuapp.com/sessions 
 path_url=/sessions 
 headers={'User-Agent': 'python-requests/2.27.1', 'Accept-Encoding': 'gzip, deflate', 'Accept': '*/*', 'Connection': 'keep-alive', 'Content-Length': '51', 'Content-Type': 'application/json'} 
 body=b'{"email": "kate@hotmail.com", "password": "pwd123"}' 
 </msg>
<msg timestamp="20220207 23:23:05.416" level="INFO">POST Response : url=https://getgeeks-users-karla.herokuapp.com/sessions 
 status=200, reason=OK 
 headers={'Server': 'Cowboy', 'Connection': 'keep-alive', 'X-Powered-By': 'Express', 'Access-Control-Allow-Origin': '*', 'Content-Type': 'application/json; charset=utf-8', 'Content-Length': '362', 'Etag': 'W/"16a-4yN453I+dVXDomcWK7de1Ef1ZKQ"', 'Date': 'Tue, 08 Feb 2022 02:23:05 GMT', 'Via': '1.1 vegur'} 
 body={"user":{"id":458,"email":"kate@hotmail.com","password_hash":"$2b$08$9kneQsqRJ4cKB9bDLui.uOnK4uKAO61By7//eHQWLy0jvID3W5E7y","name":"Kate Bishop","avatar":null,"whatsapp":null,"is_geek":false},"token":"eyJhbGciOiJIUzI1NiIsInR5cCI6IkpXVCJ9.eyJpZCI6NDU4LCJpYXQiOjE2NDQyODY5ODUsImV4cCI6MTY0NTE1MDk4NX0.wt7uukzkGDfXkntVU_xbw_EHADObzrlbwoCbQaH4UAQ","expires_in":"10d"} 
 </msg>
<msg timestamp="20220207 23:23:05.416" level="INFO">${response} = &lt;Response [200]&gt;</msg>
<status status="PASS" starttime="20220207 23:23:04.506" endtime="20220207 23:23:05.416"/>
</kw>
<msg timestamp="20220207 23:23:05.416" level="INFO">${response} = &lt;Response [200]&gt;</msg>
<status status="PASS" starttime="20220207 23:23:04.506" endtime="20220207 23:23:05.416"/>
</kw>
<kw name="Status Should Be" library="RequestsLibrary">
<arg>200</arg>
<arg>${response}</arg>
<doc>Fails if response status code is different than the expected.</doc>
<status status="PASS" starttime="20220207 23:23:05.417" endtime="20220207 23:23:05.417"/>
</kw>
<kw name="Get Length" library="BuiltIn">
<var>${size}</var>
<arg>${response.json()}[token]</arg>
<doc>Returns and logs the length of the given item as an integer.</doc>
<msg timestamp="20220207 23:23:05.418" level="INFO">Length is 140</msg>
<msg timestamp="20220207 23:23:05.418" level="INFO">${size} = 140</msg>
<status status="PASS" starttime="20220207 23:23:05.418" endtime="20220207 23:23:05.418"/>
</kw>
<kw name="Convert To Integer" library="BuiltIn">
<var>${expected_size}</var>
<arg>140</arg>
<doc>Converts the given item to an integer number.</doc>
<msg timestamp="20220207 23:23:05.419" level="INFO">${expected_size} = 140</msg>
<status status="PASS" starttime="20220207 23:23:05.419" endtime="20220207 23:23:05.419"/>
</kw>
<kw name="Should Be Equal" library="BuiltIn">
<arg>${expected_size}</arg>
<arg>${size}</arg>
<doc>Fails if the given objects are unequal.</doc>
<status status="PASS" starttime="20220207 23:23:05.420" endtime="20220207 23:23:05.420"/>
</kw>
<kw name="Should Be Equal" library="BuiltIn">
<arg>10d</arg>
<arg>${response.json()}[expires_in]</arg>
<doc>Fails if the given objects are unequal.</doc>
<status status="PASS" starttime="20220207 23:23:05.420" endtime="20220207 23:23:05.420"/>
</kw>
<status status="PASS" starttime="20220207 23:23:03.620" endtime="20220207 23:23:05.421"/>
</test>
<test id="s1-t2" name="Should Not Get Token">
<kw name="Attempt POST Session">
<arg>${inv_pass}</arg>
<arg>401</arg>
<arg>Unauthorized</arg>
<kw name="POST Session" library="SessionsRoute">
<var>${response}</var>
<arg>${payload}</arg>
<kw name="POST" library="RequestsLibrary">
<var>${response}</var>
<arg>${API_USERS}/sessions</arg>
<arg>json=${payload}</arg>
<arg>expected_status=any</arg>
<doc>Sends a POST request.</doc>
<msg timestamp="20220207 23:23:06.287" level="INFO">POST Request : url=https://getgeeks-users-karla.herokuapp.com/sessions 
 path_url=/sessions 
 headers={'User-Agent': 'python-requests/2.27.1', 'Accept-Encoding': 'gzip, deflate', 'Accept': '*/*', 'Connection': 'keep-alive', 'Content-Length': '51', 'Content-Type': 'application/json'} 
 body=b'{"email": "kate@hotmail.com", "password": "abc123"}' 
 </msg>
<msg timestamp="20220207 23:23:06.287" level="INFO">POST Response : url=https://getgeeks-users-karla.herokuapp.com/sessions 
 status=401, reason=Unauthorized 
 headers={'Server': 'Cowboy', 'Connection': 'keep-alive', 'X-Powered-By': 'Express', 'Access-Control-Allow-Origin': '*', 'Content-Type': 'application/json; charset=utf-8', 'Content-Length': '24', 'Etag': 'W/"18-XPDV80vbMk4yY1/PADG4jYM4rSI"', 'Date': 'Tue, 08 Feb 2022 02:23:06 GMT', 'Via': '1.1 vegur'} 
 body={"error":"Unauthorized"} 
 </msg>
<msg timestamp="20220207 23:23:06.287" level="INFO">${response} = &lt;Response [401]&gt;</msg>
<status status="PASS" starttime="20220207 23:23:05.423" endtime="20220207 23:23:06.287"/>
</kw>
<msg timestamp="20220207 23:23:06.287" level="INFO">${response} = &lt;Response [401]&gt;</msg>
<status status="PASS" starttime="20220207 23:23:05.423" endtime="20220207 23:23:06.287"/>
</kw>
<kw name="Status Should Be" library="RequestsLibrary">
<arg>${status_code}</arg>
<arg>${response}</arg>
<doc>Fails if response status code is different than the expected.</doc>
<status status="PASS" starttime="20220207 23:23:06.287" endtime="20220207 23:23:06.289"/>
</kw>
<kw name="Should Be Equal" library="BuiltIn">
<arg>${error_message}</arg>
<arg>${response.json()}[error]</arg>
<doc>Fails if the given objects are unequal.</doc>
<status status="PASS" starttime="20220207 23:23:06.289" endtime="20220207 23:23:06.290"/>
</kw>
<status status="PASS" starttime="20220207 23:23:05.421" endtime="20220207 23:23:06.290"/>
</kw>
<kw name="Attempt POST Session">
<arg>${inv_email}</arg>
<arg>400</arg>
<arg>Incorrect email</arg>
<kw name="POST Session" library="SessionsRoute">
<var>${response}</var>
<arg>${payload}</arg>
<kw name="POST" library="RequestsLibrary">
<var>${response}</var>
<arg>${API_USERS}/sessions</arg>
<arg>json=${payload}</arg>
<arg>expected_status=any</arg>
<doc>Sends a POST request.</doc>
<msg timestamp="20220207 23:23:07.147" level="INFO">POST Request : url=https://getgeeks-users-karla.herokuapp.com/sessions 
 path_url=/sessions 
 headers={'User-Agent': 'python-requests/2.27.1', 'Accept-Encoding': 'gzip, deflate', 'Accept': '*/*', 'Connection': 'keep-alive', 'Content-Length': '46', 'Content-Type': 'application/json'} 
 body=b'{"email": "kate.com.br", "password": "abc123"}' 
 </msg>
<msg timestamp="20220207 23:23:07.147" level="INFO">POST Response : url=https://getgeeks-users-karla.herokuapp.com/sessions 
 status=400, reason=Bad Request 
 headers={'Server': 'Cowboy', 'Connection': 'keep-alive', 'X-Powered-By': 'Express', 'Access-Control-Allow-Origin': '*', 'Content-Type': 'application/json; charset=utf-8', 'Content-Length': '27', 'Etag': 'W/"1b-/TOfJuE8lwSWEXvBl7o6iRstTo0"', 'Date': 'Tue, 08 Feb 2022 02:23:07 GMT', 'Via': '1.1 vegur'} 
 body={"error":"Incorrect email"} 
 </msg>
<msg timestamp="20220207 23:23:07.147" level="INFO">${response} = &lt;Response [400]&gt;</msg>
<status status="PASS" starttime="20220207 23:23:06.292" endtime="20220207 23:23:07.147"/>
</kw>
<msg timestamp="20220207 23:23:07.147" level="INFO">${response} = &lt;Response [400]&gt;</msg>
<status status="PASS" starttime="20220207 23:23:06.290" endtime="20220207 23:23:07.147"/>
</kw>
<kw name="Status Should Be" library="RequestsLibrary">
<arg>${status_code}</arg>
<arg>${response}</arg>
<doc>Fails if response status code is different than the expected.</doc>
<status status="PASS" starttime="20220207 23:23:07.147" endtime="20220207 23:23:07.147"/>
</kw>
<kw name="Should Be Equal" library="BuiltIn">
<arg>${error_message}</arg>
<arg>${response.json()}[error]</arg>
<doc>Fails if the given objects are unequal.</doc>
<status status="PASS" starttime="20220207 23:23:07.147" endtime="20220207 23:23:07.149"/>
</kw>
<status status="PASS" starttime="20220207 23:23:06.290" endtime="20220207 23:23:07.149"/>
</kw>
<kw name="Attempt POST Session">
<arg>${email_404}</arg>
<arg>401</arg>
<arg>Unauthorized</arg>
<kw name="POST Session" library="SessionsRoute">
<var>${response}</var>
<arg>${payload}</arg>
<kw name="POST" library="RequestsLibrary">
<var>${response}</var>
<arg>${API_USERS}/sessions</arg>
<arg>json=${payload}</arg>
<arg>expected_status=any</arg>
<doc>Sends a POST request.</doc>
<msg timestamp="20220207 23:23:08.011" level="INFO">POST Request : url=https://getgeeks-users-karla.herokuapp.com/sessions 
 path_url=/sessions 
 headers={'User-Agent': 'python-requests/2.27.1', 'Accept-Encoding': 'gzip, deflate', 'Accept': '*/*', 'Connection': 'keep-alive', 'Content-Length': '47', 'Content-Type': 'application/json'} 
 body=b'{"email": "kate@404.com", "password": "abc123"}' 
 </msg>
<msg timestamp="20220207 23:23:08.011" level="INFO">POST Response : url=https://getgeeks-users-karla.herokuapp.com/sessions 
 status=401, reason=Unauthorized 
 headers={'Server': 'Cowboy', 'Connection': 'keep-alive', 'X-Powered-By': 'Express', 'Access-Control-Allow-Origin': '*', 'Content-Type': 'application/json; charset=utf-8', 'Content-Length': '24', 'Etag': 'W/"18-XPDV80vbMk4yY1/PADG4jYM4rSI"', 'Date': 'Tue, 08 Feb 2022 02:23:08 GMT', 'Via': '1.1 vegur'} 
 body={"error":"Unauthorized"} 
 </msg>
<msg timestamp="20220207 23:23:08.011" level="INFO">${response} = &lt;Response [401]&gt;</msg>
<status status="PASS" starttime="20220207 23:23:07.150" endtime="20220207 23:23:08.011"/>
</kw>
<msg timestamp="20220207 23:23:08.012" level="INFO">${response} = &lt;Response [401]&gt;</msg>
<status status="PASS" starttime="20220207 23:23:07.150" endtime="20220207 23:23:08.012"/>
</kw>
<kw name="Status Should Be" library="RequestsLibrary">
<arg>${status_code}</arg>
<arg>${response}</arg>
<doc>Fails if response status code is different than the expected.</doc>
<status status="PASS" starttime="20220207 23:23:08.012" endtime="20220207 23:23:08.012"/>
</kw>
<kw name="Should Be Equal" library="BuiltIn">
<arg>${error_message}</arg>
<arg>${response.json()}[error]</arg>
<doc>Fails if the given objects are unequal.</doc>
<status status="PASS" starttime="20220207 23:23:08.012" endtime="20220207 23:23:08.013"/>
</kw>
<status status="PASS" starttime="20220207 23:23:07.150" endtime="20220207 23:23:08.013"/>
</kw>
<kw name="Attempt POST Session">
<arg>${empty_email}</arg>
<arg>400</arg>
<arg>Required email</arg>
<kw name="POST Session" library="SessionsRoute">
<var>${response}</var>
<arg>${payload}</arg>
<kw name="POST" library="RequestsLibrary">
<var>${response}</var>
<arg>${API_USERS}/sessions</arg>
<arg>json=${payload}</arg>
<arg>expected_status=any</arg>
<doc>Sends a POST request.</doc>
<msg timestamp="20220207 23:23:08.806" level="INFO">POST Request : url=https://getgeeks-users-karla.herokuapp.com/sessions 
 path_url=/sessions 
 headers={'User-Agent': 'python-requests/2.27.1', 'Accept-Encoding': 'gzip, deflate', 'Accept': '*/*', 'Connection': 'keep-alive', 'Content-Length': '35', 'Content-Type': 'application/json'} 
 body=b'{"email": "", "password": "abc123"}' 
 </msg>
<msg timestamp="20220207 23:23:08.806" level="INFO">POST Response : url=https://getgeeks-users-karla.herokuapp.com/sessions 
 status=400, reason=Bad Request 
 headers={'Server': 'Cowboy', 'Connection': 'keep-alive', 'X-Powered-By': 'Express', 'Access-Control-Allow-Origin': '*', 'Content-Type': 'application/json; charset=utf-8', 'Content-Length': '26', 'Etag': 'W/"1a-ztWLEO5pP/4DOQYYgf8vh7rMmRI"', 'Date': 'Tue, 08 Feb 2022 02:23:08 GMT', 'Via': '1.1 vegur'} 
 body={"error":"Required email"} 
 </msg>
<msg timestamp="20220207 23:23:08.806" level="INFO">${response} = &lt;Response [400]&gt;</msg>
<status status="PASS" starttime="20220207 23:23:08.014" endtime="20220207 23:23:08.806"/>
</kw>
<msg timestamp="20220207 23:23:08.806" level="INFO">${response} = &lt;Response [400]&gt;</msg>
<status status="PASS" starttime="20220207 23:23:08.014" endtime="20220207 23:23:08.806"/>
</kw>
<kw name="Status Should Be" library="RequestsLibrary">
<arg>${status_code}</arg>
<arg>${response}</arg>
<doc>Fails if response status code is different than the expected.</doc>
<status status="PASS" starttime="20220207 23:23:08.808" endtime="20220207 23:23:08.808"/>
</kw>
<kw name="Should Be Equal" library="BuiltIn">
<arg>${error_message}</arg>
<arg>${response.json()}[error]</arg>
<doc>Fails if the given objects are unequal.</doc>
<status status="PASS" starttime="20220207 23:23:08.808" endtime="20220207 23:23:08.809"/>
</kw>
<status status="PASS" starttime="20220207 23:23:08.014" endtime="20220207 23:23:08.809"/>
</kw>
<kw name="Attempt POST Session">
<arg>${wo_email}</arg>
<arg>400</arg>
<arg>Required email</arg>
<kw name="POST Session" library="SessionsRoute">
<var>${response}</var>
<arg>${payload}</arg>
<kw name="POST" library="RequestsLibrary">
<var>${response}</var>
<arg>${API_USERS}/sessions</arg>
<arg>json=${payload}</arg>
<arg>expected_status=any</arg>
<doc>Sends a POST request.</doc>
<msg timestamp="20220207 23:23:09.644" level="INFO">POST Request : url=https://getgeeks-users-karla.herokuapp.com/sessions 
 path_url=/sessions 
 headers={'User-Agent': 'python-requests/2.27.1', 'Accept-Encoding': 'gzip, deflate', 'Accept': '*/*', 'Connection': 'keep-alive', 'Content-Length': '22', 'Content-Type': 'application/json'} 
 body=b'{"password": "abc123"}' 
 </msg>
<msg timestamp="20220207 23:23:09.644" level="INFO">POST Response : url=https://getgeeks-users-karla.herokuapp.com/sessions 
 status=400, reason=Bad Request 
 headers={'Server': 'Cowboy', 'Connection': 'keep-alive', 'X-Powered-By': 'Express', 'Access-Control-Allow-Origin': '*', 'Content-Type': 'application/json; charset=utf-8', 'Content-Length': '26', 'Etag': 'W/"1a-ztWLEO5pP/4DOQYYgf8vh7rMmRI"', 'Date': 'Tue, 08 Feb 2022 02:23:09 GMT', 'Via': '1.1 vegur'} 
 body={"error":"Required email"} 
 </msg>
<msg timestamp="20220207 23:23:09.644" level="INFO">${response} = &lt;Response [400]&gt;</msg>
<status status="PASS" starttime="20220207 23:23:08.809" endtime="20220207 23:23:09.644"/>
</kw>
<msg timestamp="20220207 23:23:09.644" level="INFO">${response} = &lt;Response [400]&gt;</msg>
<status status="PASS" starttime="20220207 23:23:08.809" endtime="20220207 23:23:09.644"/>
</kw>
<kw name="Status Should Be" library="RequestsLibrary">
<arg>${status_code}</arg>
<arg>${response}</arg>
<doc>Fails if response status code is different than the expected.</doc>
<status status="PASS" starttime="20220207 23:23:09.644" endtime="20220207 23:23:09.644"/>
</kw>
<kw name="Should Be Equal" library="BuiltIn">
<arg>${error_message}</arg>
<arg>${response.json()}[error]</arg>
<doc>Fails if the given objects are unequal.</doc>
<status status="PASS" starttime="20220207 23:23:09.644" endtime="20220207 23:23:09.646"/>
</kw>
<status status="PASS" starttime="20220207 23:23:08.809" endtime="20220207 23:23:09.646"/>
</kw>
<kw name="Attempt POST Session">
<arg>${empty_pass}</arg>
<arg>400</arg>
<arg>Required pass</arg>
<kw name="POST Session" library="SessionsRoute">
<var>${response}</var>
<arg>${payload}</arg>
<kw name="POST" library="RequestsLibrary">
<var>${response}</var>
<arg>${API_USERS}/sessions</arg>
<arg>json=${payload}</arg>
<arg>expected_status=any</arg>
<doc>Sends a POST request.</doc>
<msg timestamp="20220207 23:23:10.523" level="INFO">POST Request : url=https://getgeeks-users-karla.herokuapp.com/sessions 
 path_url=/sessions 
 headers={'User-Agent': 'python-requests/2.27.1', 'Accept-Encoding': 'gzip, deflate', 'Accept': '*/*', 'Connection': 'keep-alive', 'Content-Length': '45', 'Content-Type': 'application/json'} 
 body=b'{"email": "kate@hotmail.com", "password": ""}' 
 </msg>
<msg timestamp="20220207 23:23:10.523" level="INFO">POST Response : url=https://getgeeks-users-karla.herokuapp.com/sessions 
 status=400, reason=Bad Request 
 headers={'Server': 'Cowboy', 'Connection': 'keep-alive', 'X-Powered-By': 'Express', 'Access-Control-Allow-Origin': '*', 'Content-Type': 'application/json; charset=utf-8', 'Content-Length': '25', 'Etag': 'W/"19-XQPKZGB2rC+TLudFQKbwFLPwbR0"', 'Date': 'Tue, 08 Feb 2022 02:23:10 GMT', 'Via': '1.1 vegur'} 
 body={"error":"Required pass"} 
 </msg>
<msg timestamp="20220207 23:23:10.524" level="INFO">${response} = &lt;Response [400]&gt;</msg>
<status status="PASS" starttime="20220207 23:23:09.648" endtime="20220207 23:23:10.524"/>
</kw>
<msg timestamp="20220207 23:23:10.524" level="INFO">${response} = &lt;Response [400]&gt;</msg>
<status status="PASS" starttime="20220207 23:23:09.646" endtime="20220207 23:23:10.524"/>
</kw>
<kw name="Status Should Be" library="RequestsLibrary">
<arg>${status_code}</arg>
<arg>${response}</arg>
<doc>Fails if response status code is different than the expected.</doc>
<status status="PASS" starttime="20220207 23:23:10.524" endtime="20220207 23:23:10.524"/>
</kw>
<kw name="Should Be Equal" library="BuiltIn">
<arg>${error_message}</arg>
<arg>${response.json()}[error]</arg>
<doc>Fails if the given objects are unequal.</doc>
<status status="PASS" starttime="20220207 23:23:10.525" endtime="20220207 23:23:10.525"/>
</kw>
<status status="PASS" starttime="20220207 23:23:09.646" endtime="20220207 23:23:10.526"/>
</kw>
<kw name="Attempt POST Session">
<arg>${wo_pass}</arg>
<arg>400</arg>
<arg>Required pass</arg>
<kw name="POST Session" library="SessionsRoute">
<var>${response}</var>
<arg>${payload}</arg>
<kw name="POST" library="RequestsLibrary">
<var>${response}</var>
<arg>${API_USERS}/sessions</arg>
<arg>json=${payload}</arg>
<arg>expected_status=any</arg>
<doc>Sends a POST request.</doc>
<msg timestamp="20220207 23:23:11.383" level="INFO">POST Request : url=https://getgeeks-users-karla.herokuapp.com/sessions 
 path_url=/sessions 
 headers={'User-Agent': 'python-requests/2.27.1', 'Accept-Encoding': 'gzip, deflate', 'Accept': '*/*', 'Connection': 'keep-alive', 'Content-Length': '29', 'Content-Type': 'application/json'} 
 body=b'{"email": "kate@hotmail.com"}' 
 </msg>
<msg timestamp="20220207 23:23:11.383" level="INFO">POST Response : url=https://getgeeks-users-karla.herokuapp.com/sessions 
 status=400, reason=Bad Request 
 headers={'Server': 'Cowboy', 'Connection': 'keep-alive', 'X-Powered-By': 'Express', 'Access-Control-Allow-Origin': '*', 'Content-Type': 'application/json; charset=utf-8', 'Content-Length': '25', 'Etag': 'W/"19-XQPKZGB2rC+TLudFQKbwFLPwbR0"', 'Date': 'Tue, 08 Feb 2022 02:23:11 GMT', 'Via': '1.1 vegur'} 
 body={"error":"Required pass"} 
 </msg>
<msg timestamp="20220207 23:23:11.383" level="INFO">${response} = &lt;Response [400]&gt;</msg>
<status status="PASS" starttime="20220207 23:23:10.526" endtime="20220207 23:23:11.383"/>
</kw>
<msg timestamp="20220207 23:23:11.384" level="INFO">${response} = &lt;Response [400]&gt;</msg>
<status status="PASS" starttime="20220207 23:23:10.526" endtime="20220207 23:23:11.384"/>
</kw>
<kw name="Status Should Be" library="RequestsLibrary">
<arg>${status_code}</arg>
<arg>${response}</arg>
<doc>Fails if response status code is different than the expected.</doc>
<status status="PASS" starttime="20220207 23:23:11.384" endtime="20220207 23:23:11.384"/>
</kw>
<kw name="Should Be Equal" library="BuiltIn">
<arg>${error_message}</arg>
<arg>${response.json()}[error]</arg>
<doc>Fails if the given objects are unequal.</doc>
<status status="PASS" starttime="20220207 23:23:11.384" endtime="20220207 23:23:11.385"/>
</kw>
<status status="PASS" starttime="20220207 23:23:10.526" endtime="20220207 23:23:11.385"/>
</kw>
<status status="PASS" starttime="20220207 23:23:05.421" endtime="20220207 23:23:11.386"/>
</test>
<doc>Session route test suite</doc>
<status status="PASS" starttime="20220207 23:23:03.472" endtime="20220207 23:23:11.389"/>
</suite>
<statistics>
<total>
<stat pass="2" fail="0" skip="0">All Tests</stat>
</total>
<tag>
</tag>
<suite>
<stat pass="2" fail="0" skip="0" id="s1" name="Sessions">Sessions</stat>
</suite>
</statistics>
<errors>
</errors>
</robot>
