<?xml version="1.0" encoding="UTF-8"?>
<robot generator="Robot 4.1.3 (Python 3.9.7 on win32)" generated="20220208 22:48:34.366" rpa="false" schemaversion="2">
<suite id="s1" name="Users" source="C:\GravidadeZERO\getgeeks\project\backend\users\tests\Users.robot">
<test id="s1-t1" name="Add new User">
<kw name="Factory New User" library="Users">
<var>${user}</var>
<msg timestamp="20220208 22:48:34.513" level="INFO">${user} = {'name': 'Clint Barton', 'email': 'barton@shield.com', 'password': 'pwd123'}</msg>
<status status="PASS" starttime="20220208 22:48:34.513" endtime="20220208 22:48:34.513"/>
</kw>
<kw name="Remove User" library="Helpers">
<arg>${user}</arg>
<kw name="Get Token" library="Helpers">
<var>${token}</var>
<arg>${user}</arg>
<kw name="Create Dictionary" library="BuiltIn">
<var>${payload}</var>
<arg>email=${user}[email]</arg>
<arg>password=${user}[password]</arg>
<doc>Creates and returns a dictionary based on the given ``items``.</doc>
<msg timestamp="20220208 22:48:34.515" level="INFO">${payload} = {'email': 'barton@shield.com', 'password': 'pwd123'}</msg>
<status status="PASS" starttime="20220208 22:48:34.514" endtime="20220208 22:48:34.515"/>
</kw>
<kw name="POST Session" library="SessionsRoute">
<var>${response}</var>
<arg>${payload}</arg>
<kw name="POST" library="RequestsLibrary">
<var>${response}</var>
<arg>${API_USERS}/sessions</arg>
<arg>json=${payload}</arg>
<arg>expected_status=any</arg>
<doc>Sends a POST request.</doc>
<msg timestamp="20220208 22:48:35.324" level="INFO">POST Request : url=https://getgeeks-users-karla.herokuapp.com/sessions 
 path_url=/sessions 
 headers={'User-Agent': 'python-requests/2.27.1', 'Accept-Encoding': 'gzip, deflate', 'Accept': '*/*', 'Connection': 'keep-alive', 'Content-Length': '52', 'Content-Type': 'application/json'} 
 body=b'{"email": "barton@shield.com", "password": "pwd123"}' 
 </msg>
<msg timestamp="20220208 22:48:35.325" level="INFO">POST Response : url=https://getgeeks-users-karla.herokuapp.com/sessions 
 status=401, reason=Unauthorized 
 headers={'Server': 'Cowboy', 'Connection': 'keep-alive', 'X-Powered-By': 'Express', 'Access-Control-Allow-Origin': '*', 'Content-Type': 'application/json; charset=utf-8', 'Content-Length': '24', 'Etag': 'W/"18-XPDV80vbMk4yY1/PADG4jYM4rSI"', 'Date': 'Wed, 09 Feb 2022 01:48:34 GMT', 'Via': '1.1 vegur'} 
 body={"error":"Unauthorized"} 
 </msg>
<msg timestamp="20220208 22:48:35.325" level="INFO">${response} = &lt;Response [401]&gt;</msg>
<status status="PASS" starttime="20220208 22:48:34.515" endtime="20220208 22:48:35.325"/>
</kw>
<msg timestamp="20220208 22:48:35.325" level="INFO">${response} = &lt;Response [401]&gt;</msg>
<status status="PASS" starttime="20220208 22:48:34.515" endtime="20220208 22:48:35.325"/>
</kw>
<kw name="Set Variable" library="BuiltIn">
<var>${result}</var>
<arg>${EMPTY}</arg>
<doc>Returns the given values which can then be assigned to a variables.</doc>
<msg timestamp="20220208 22:48:35.326" level="INFO">${result} = </msg>
<status status="PASS" starttime="20220208 22:48:35.326" endtime="20220208 22:48:35.326"/>
</kw>
<if>
<branch type="IF" condition="&quot;200&quot; in &quot;${response}&quot;">
<kw name="Set Variable" library="BuiltIn">
<var>${result}</var>
<arg>Bearer ${response.json()}[token]</arg>
<doc>Returns the given values which can then be assigned to a variables.</doc>
<status status="NOT RUN" starttime="20220208 22:48:35.327" endtime="20220208 22:48:35.327"/>
</kw>
<status status="NOT RUN" starttime="20220208 22:48:35.327" endtime="20220208 22:48:35.327"/>
</branch>
<status status="PASS" starttime="20220208 22:48:35.326" endtime="20220208 22:48:35.327"/>
</if>
<msg timestamp="20220208 22:48:35.327" level="INFO">${token} = </msg>
<status status="PASS" starttime="20220208 22:48:34.514" endtime="20220208 22:48:35.327"/>
</kw>
<if>
<branch type="IF" condition="&quot;${token}&quot;">
<kw name="DELETE User" library="UsersRoute">
<arg>${token}</arg>
<status status="NOT RUN" starttime="20220208 22:48:35.327" endtime="20220208 22:48:35.327"/>
</kw>
<status status="NOT RUN" starttime="20220208 22:48:35.327" endtime="20220208 22:48:35.327"/>
</branch>
<status status="PASS" starttime="20220208 22:48:35.327" endtime="20220208 22:48:35.327"/>
</if>
<status status="PASS" starttime="20220208 22:48:34.513" endtime="20220208 22:48:35.327"/>
</kw>
<kw name="POST User" library="UsersRoute">
<var>${response}</var>
<arg>${user}</arg>
<kw name="POST" library="RequestsLibrary">
<var>${response}</var>
<arg>${API_USERS}/users</arg>
<arg>json=${payload}</arg>
<arg>expected_status=any</arg>
<doc>Sends a POST request.</doc>
<msg timestamp="20220208 22:48:36.229" level="INFO">POST Request : url=https://getgeeks-users-karla.herokuapp.com/users 
 path_url=/users 
 headers={'User-Agent': 'python-requests/2.27.1', 'Accept-Encoding': 'gzip, deflate', 'Accept': '*/*', 'Connection': 'keep-alive', 'Content-Length': '76', 'Content-Type': 'application/json'} 
 body=b'{"name": "Clint Barton", "email": "barton@shield.com", "password": "pwd123"}' 
 </msg>
<msg timestamp="20220208 22:48:36.231" level="INFO">POST Response : url=https://getgeeks-users-karla.herokuapp.com/users 
 status=201, reason=Created 
 headers={'Server': 'Cowboy', 'Connection': 'keep-alive', 'X-Powered-By': 'Express', 'Access-Control-Allow-Origin': '*', 'Content-Type': 'application/json; charset=utf-8', 'Content-Length': '10', 'Etag': 'W/"a-fr2Q2JXv1a+TgsfpkPpfF2Dc1Ps"', 'Date': 'Wed, 09 Feb 2022 01:48:35 GMT', 'Via': '1.1 vegur'} 
 body={"id":492} 
 </msg>
<msg timestamp="20220208 22:48:36.231" level="INFO">${response} = &lt;Response [201]&gt;</msg>
<status status="PASS" starttime="20220208 22:48:35.328" endtime="20220208 22:48:36.231"/>
</kw>
<msg timestamp="20220208 22:48:36.231" level="INFO">${response} = &lt;Response [201]&gt;</msg>
<status status="PASS" starttime="20220208 22:48:35.328" endtime="20220208 22:48:36.231"/>
</kw>
<kw name="Status Should Be" library="RequestsLibrary">
<arg>201</arg>
<arg>${response}</arg>
<doc>Fails if response status code is different than the expected.</doc>
<status status="PASS" starttime="20220208 22:48:36.231" endtime="20220208 22:48:36.232"/>
</kw>
<kw name="Set Variable" library="BuiltIn">
<var>${user_id}</var>
<arg>${response.json()}[id]</arg>
<doc>Returns the given values which can then be assigned to a variables.</doc>
<msg timestamp="20220208 22:48:36.233" level="INFO">${user_id} = 492</msg>
<status status="PASS" starttime="20220208 22:48:36.232" endtime="20220208 22:48:36.233"/>
</kw>
<kw name="Should Be True" library="BuiltIn">
<arg>${user_id} &gt; 0</arg>
<doc>Fails if the given condition is not true.</doc>
<status status="PASS" starttime="20220208 22:48:36.234" endtime="20220208 22:48:36.234"/>
</kw>
<status status="PASS" starttime="20220208 22:48:34.512" endtime="20220208 22:48:36.235"/>
</test>
<doc>Users route test suite</doc>
<status status="PASS" starttime="20220208 22:48:34.368" endtime="20220208 22:48:36.237"/>
</suite>
<statistics>
<total>
<stat pass="1" fail="0" skip="0">All Tests</stat>
</total>
<tag>
</tag>
<suite>
<stat pass="1" fail="0" skip="0" id="s1" name="Users">Users</stat>
</suite>
</statistics>
<errors>
</errors>
</robot>
